TN:
SF:src\lib\api.ts
FN:21,<instance_members_initializer>
FN:26,ApiClientError
FN:35,getAuthHeader
FN:40,request
FN:83,get
FN:84,post
FN:85,put
FN:86,patch
FN:87,delete
FNF:9
FNH:9
FNDA:2,<instance_members_initializer>
FNDA:2,ApiClientError
FNDA:8,getAuthHeader
FNDA:8,request
FNDA:4,get
FNDA:1,post
FNDA:1,put
FNDA:1,patch
FNDA:1,delete
DA:11,1
DA:12,1
DA:21,1
DA:22,2
DA:23,2
DA:24,2
DA:26,2
DA:27,2
DA:28,2
DA:29,2
DA:30,2
DA:31,2
DA:32,2
DA:33,2
DA:35,8
DA:36,8
DA:37,8
DA:38,8
DA:40,8
DA:41,8
DA:42,8
DA:43,8
DA:44,8
DA:45,8
DA:46,8
DA:47,8
DA:48,8
DA:49,8
DA:50,8
DA:51,8
DA:52,8
DA:53,8
DA:54,8
DA:55,3
DA:56,3
DA:58,8
DA:60,8
DA:61,2
DA:62,2
DA:63,2
DA:64,1
DA:65,1
DA:66,1
DA:67,1
DA:68,1
DA:69,1
DA:70,1
DA:71,1
DA:72,2
DA:73,2
DA:76,8
DA:77,1
DA:78,1
DA:79,5
DA:80,5
DA:82,1
DA:83,1
DA:84,1
DA:85,1
DA:86,1
DA:87,1
DA:88,1
LF:62
LH:62
BRDA:21,0,0,2
BRDA:26,1,0,2
BRDA:27,2,0,0
BRDA:35,3,0,8
BRDA:37,4,0,1
BRDA:37,5,0,7
BRDA:40,6,0,8
BRDA:54,7,0,3
BRDA:60,8,0,2
BRDA:63,9,0,1
BRDA:69,10,0,0
BRDA:73,11,0,6
BRDA:76,12,0,1
BRDA:78,13,0,5
BRDA:83,14,0,4
BRDA:84,15,0,1
BRDA:85,16,0,1
BRDA:86,17,0,1
BRDA:87,18,0,1
BRF:19
BRH:17
end_of_record
TN:
SF:src\lib\utils.ts
FN:7,cn
FN:14,formatFcfa
FN:24,formatPercent
FNF:3
FNH:3
FNDA:3,cn
FNDA:3,formatFcfa
FNDA:3,formatPercent
DA:1,1
DA:7,1
DA:8,3
DA:9,3
DA:14,1
DA:15,3
DA:16,3
DA:17,3
DA:18,3
DA:19,3
DA:24,1
DA:25,3
DA:26,3
LF:13
LH:13
BRDA:7,0,0,3
BRDA:14,1,0,3
BRDA:24,2,0,3
BRF:3
BRH:3
end_of_record
TN:
SF:src\pages\AdminDashboard.tsx
FN:59,AdminDashboard
FN:107,handleLogout
FN:112,loadQuestions
FN:124,loadSettings
FN:136,loadLeads
FN:148,loadAudit
FN:160,switchTab
FN:168,openEditQuestion
FN:175,saveQuestion
FN:197,toggleQuestion
FN:210,openEditSetting
FN:215,saveSetting
FN:232,exportLeadsCsv
FN:286,onClick
FN:360,onClick
FN:368,onClick
FN:401,onChange
FN:420,onChange
FN:435,onChange
FN:444,onClick
FN:491,onClick
FN:523,onChange
FN:532,onClick
FN:659,KPI
FNF:24
FNH:17
FNDA:58,AdminDashboard
FNDA:1,handleLogout
FNDA:4,loadQuestions
FNDA:2,loadSettings
FNDA:3,loadLeads
FNDA:2,loadAudit
FNDA:11,switchTab
FNDA:2,openEditQuestion
FNDA:1,saveQuestion
FNDA:1,toggleQuestion
FNDA:1,openEditSetting
FNDA:1,saveSetting
FNDA:0,exportLeadsCsv
FNDA:11,onClick
FNDA:2,onClick
FNDA:1,onClick
FNDA:0,onChange
FNDA:0,onChange
FNDA:0,onChange
FNDA:0,onClick
FNDA:1,onClick
FNDA:0,onChange
FNDA:0,onClick
FNDA:52,KPI
DA:1,1
DA:51,1
DA:52,1
DA:53,1
DA:54,1
DA:55,1
DA:56,1
DA:57,1
DA:59,1
DA:60,58
DA:61,58
DA:62,58
DA:63,58
DA:65,58
DA:66,58
DA:67,58
DA:68,58
DA:69,58
DA:70,58
DA:71,58
DA:72,58
DA:74,58
DA:75,58
DA:76,58
DA:77,58
DA:78,58
DA:79,58
DA:81,58
DA:82,58
DA:83,58
DA:85,58
DA:86,58
DA:87,58
DA:89,58
DA:90,15
DA:91,15
DA:92,1
DA:93,1
DA:94,1
DA:95,14
DA:96,14
DA:97,14
DA:98,13
DA:99,13
DA:100,14
DA:101,14
DA:102,1
DA:103,1
DA:104,14
DA:105,58
DA:107,58
DA:108,1
DA:109,1
DA:110,1
DA:112,58
DA:113,4
DA:114,4
DA:115,4
DA:116,4
DA:117,4
DA:118,4
DA:119,4
DA:120,4
DA:121,4
DA:122,4
DA:124,58
DA:125,2
DA:126,2
DA:127,2
DA:128,2
DA:129,2
DA:130,2
DA:131,2
DA:132,2
DA:133,2
DA:134,2
DA:136,58
DA:137,3
DA:138,3
DA:139,3
DA:140,3
DA:141,3
DA:142,3
DA:143,3
DA:144,3
DA:145,3
DA:146,3
DA:148,58
DA:149,2
DA:150,2
DA:151,2
DA:152,2
DA:153,2
DA:154,2
DA:155,2
DA:156,2
DA:157,2
DA:158,2
DA:160,58
DA:161,11
DA:162,11
DA:163,11
DA:164,11
DA:165,11
DA:166,11
DA:168,58
DA:169,2
DA:170,2
DA:171,2
DA:172,2
DA:173,2
DA:175,58
DA:176,1
DA:177,1
DA:178,1
DA:179,1
DA:180,1
DA:181,1
DA:182,1
DA:183,1
DA:184,1
DA:185,1
DA:186,1
DA:187,1
DA:188,0
DA:189,1
DA:190,1
DA:191,1
DA:192,1
DA:193,1
DA:194,1
DA:195,1
DA:197,58
DA:198,1
DA:199,1
DA:200,1
DA:201,1
DA:202,1
DA:203,1
DA:204,1
DA:205,1
DA:207,0
DA:208,1
DA:210,58
DA:211,1
DA:212,1
DA:213,1
DA:215,58
DA:216,1
DA:217,1
DA:218,1
DA:219,1
DA:220,1
DA:221,1
DA:222,1
DA:223,1
DA:224,1
DA:225,1
DA:227,1
DA:228,1
DA:229,1
DA:230,1
DA:232,58
DA:233,0
DA:234,0
DA:235,0
DA:236,0
DA:237,0
DA:238,0
DA:239,0
DA:240,0
DA:241,0
DA:242,0
DA:243,0
DA:244,0
DA:245,0
DA:246,0
DA:247,0
DA:249,58
DA:250,15
DA:251,15
DA:252,15
DA:253,15
DA:255,15
DA:257,43
DA:258,43
DA:259,43
DA:260,43
DA:261,43
DA:262,43
DA:264,43
DA:265,43
DA:267,43
DA:268,43
DA:269,43
DA:270,43
DA:271,43
DA:272,43
DA:274,43
DA:276,43
DA:277,43
DA:278,43
DA:280,43
DA:281,43
DA:282,43
DA:283,215
DA:284,215
DA:285,215
DA:286,215
DA:287,215
DA:288,215
DA:292,215
DA:293,215
DA:294,43
DA:295,43
DA:296,43
DA:298,43
DA:299,43
DA:300,13
DA:301,13
DA:302,13
DA:304,13
DA:305,13
DA:306,13
DA:307,13
DA:308,13
DA:309,13
DA:310,13
DA:311,13
DA:312,13
DA:313,13
DA:314,4
DA:315,9
DA:317,13
DA:318,13
DA:320,13
DA:323,58
DA:324,13
DA:325,13
DA:327,13
DA:328,13
DA:329,4
DA:330,4
DA:331,4
DA:333,9
DA:334,9
DA:335,9
DA:336,9
DA:337,9
DA:339,9
DA:340,9
DA:341,9
DA:342,9
DA:343,9
DA:344,9
DA:345,8
DA:346,1
DA:347,9
DA:349,9
DA:350,9
DA:351,9
DA:352,9
DA:353,9
DA:354,9
DA:355,9
DA:356,9
DA:357,9
DA:358,9
DA:359,9
DA:360,9
DA:361,9
DA:362,9
DA:363,9
DA:365,9
DA:366,9
DA:367,9
DA:368,9
DA:369,9
DA:370,9
DA:372,9
DA:373,9
DA:374,9
DA:375,9
DA:376,9
DA:377,9
DA:380,13
DA:381,3
DA:382,3
DA:383,3
DA:384,3
DA:385,3
DA:387,3
DA:388,3
DA:389,3
DA:390,3
DA:391,3
DA:392,3
DA:393,3
DA:394,3
DA:395,3
DA:397,3
DA:398,3
DA:399,3
DA:400,3
DA:401,3
DA:402,3
DA:403,3
DA:405,3
DA:406,3
DA:407,3
DA:408,3
DA:409,3
DA:410,3
DA:411,3
DA:413,3
DA:414,3
DA:415,3
DA:416,3
DA:417,3
DA:418,3
DA:419,3
DA:420,3
DA:421,3
DA:423,3
DA:424,3
DA:425,3
DA:426,3
DA:427,3
DA:428,3
DA:429,3
DA:431,3
DA:432,3
DA:433,3
DA:434,3
DA:435,3
DA:436,3
DA:437,3
DA:439,3
DA:440,3
DA:441,3
DA:442,3
DA:443,3
DA:444,3
DA:445,3
DA:446,3
DA:448,3
DA:449,3
DA:450,3
DA:451,3
DA:452,3
DA:453,3
DA:455,3
DA:456,3
DA:457,3
DA:458,3
DA:459,3
DA:461,13
DA:464,58
DA:465,7
DA:466,7
DA:468,7
DA:469,7
DA:470,2
DA:471,2
DA:472,2
DA:474,5
DA:475,5
DA:476,5
DA:477,5
DA:478,5
DA:480,5
DA:481,5
DA:482,5
DA:483,5
DA:485,5
DA:486,5
DA:487,5
DA:488,5
DA:489,5
DA:490,5
DA:491,5
DA:492,5
DA:493,5
DA:494,5
DA:496,5
DA:497,5
DA:498,5
DA:499,5
DA:502,7
DA:503,2
DA:504,2
DA:505,2
DA:506,2
DA:507,2
DA:509,2
DA:510,2
DA:511,2
DA:512,2
DA:513,2
DA:514,2
DA:515,2
DA:516,2
DA:517,2
DA:519,2
DA:520,2
DA:521,2
DA:522,2
DA:523,2
DA:524,2
DA:525,2
DA:527,2
DA:528,2
DA:529,2
DA:530,2
DA:531,2
DA:532,2
DA:533,2
DA:534,2
DA:536,2
DA:537,2
DA:538,2
DA:539,2
DA:540,2
DA:541,2
DA:543,2
DA:544,2
DA:545,2
DA:546,2
DA:547,2
DA:549,7
DA:552,58
DA:553,6
DA:554,6
DA:555,6
DA:556,6
DA:557,2
DA:558,2
DA:559,2
DA:560,2
DA:561,2
DA:562,2
DA:564,2
DA:566,6
DA:567,6
DA:568,3
DA:569,3
DA:570,3
DA:571,3
DA:572,1
DA:574,2
DA:575,2
DA:576,2
DA:577,2
DA:578,2
DA:579,2
DA:580,2
DA:581,2
DA:582,2
DA:583,2
DA:584,2
DA:585,2
DA:586,2
DA:587,2
DA:588,2
DA:589,2
DA:590,2
DA:591,2
DA:592,2
DA:593,0
DA:594,2
DA:595,2
DA:596,2
DA:597,2
DA:598,2
DA:599,2
DA:601,6
DA:604,58
DA:605,4
DA:606,4
DA:608,4
DA:609,4
DA:610,2
DA:611,2
DA:612,2
DA:613,2
DA:614,1
DA:616,1
DA:617,1
DA:618,1
DA:619,1
DA:620,1
DA:622,1
DA:623,1
DA:624,1
DA:625,1
DA:626,1
DA:627,1
DA:628,1
DA:629,1
DA:630,1
DA:631,1
DA:632,1
DA:633,1
DA:634,1
DA:635,1
DA:636,1
DA:637,1
DA:638,1
DA:639,1
DA:640,1
DA:641,1
DA:642,1
DA:643,1
DA:644,1
DA:645,0
DA:646,1
DA:647,1
DA:648,1
DA:649,1
DA:650,1
DA:652,4
DA:654,58
DA:655,58
DA:657,58
DA:659,52
DA:660,52
DA:661,52
DA:662,52
DA:663,52
DA:664,52
DA:665,52
DA:666,52
DA:667,52
DA:668,52
DA:670,52
LF:535
LH:516
BRDA:59,0,0,58
BRDA:249,1,0,15
BRDA:255,2,0,43
BRDA:299,3,0,13
BRDA:313,4,0,4
BRDA:314,5,0,9
BRDA:323,6,0,13
BRDA:328,7,0,4
BRDA:331,8,0,9
BRDA:380,9,0,3
BRDA:452,10,0,2
BRDA:455,11,0,1
BRDA:455,12,0,2
BRDA:464,13,0,7
BRDA:469,14,0,2
BRDA:472,15,0,5
BRDA:502,16,0,2
BRDA:543,17,0,1
BRDA:543,18,0,1
BRDA:552,19,0,6
BRDA:556,20,0,2
BRDA:567,21,0,3
BRDA:570,22,0,3
BRDA:571,23,0,1
BRDA:572,24,0,2
BRDA:604,25,0,4
BRDA:609,26,0,2
BRDA:612,27,0,2
BRDA:613,28,0,1
BRDA:614,29,0,1
BRDA:89,30,0,15
BRDA:91,31,0,1
BRDA:94,32,0,14
BRDA:97,33,0,13
BRDA:101,34,0,1
BRDA:107,35,0,1
BRDA:112,36,0,4
BRDA:113,37,0,0
BRDA:124,38,0,2
BRDA:125,39,0,0
BRDA:136,40,0,3
BRDA:137,41,0,0
BRDA:148,42,0,2
BRDA:149,43,0,0
BRDA:160,44,0,11
BRDA:162,45,0,4
BRDA:163,46,0,2
BRDA:164,47,0,3
BRDA:165,48,0,2
BRDA:168,49,0,2
BRDA:175,50,0,1
BRDA:176,51,0,0
BRDA:184,52,0,1
BRDA:185,53,0,1
BRDA:187,54,0,0
BRDA:197,55,0,1
BRDA:205,56,0,0
BRDA:202,57,0,1
BRDA:203,58,0,1
BRDA:203,59,0,0
BRDA:210,60,0,1
BRDA:215,61,0,1
BRDA:216,62,0,0
BRDA:225,63,0,0
BRDA:221,64,0,1
BRDA:222,65,0,1
BRDA:222,66,0,0
BRDA:282,67,0,215
BRDA:286,68,0,11
BRDA:334,69,0,9
BRDA:344,70,0,8
BRDA:345,71,0,1
BRDA:349,72,0,8
BRDA:349,73,0,1
BRDA:370,74,0,8
BRDA:370,75,0,1
BRDA:372,76,0,8
BRDA:372,77,0,1
BRDA:360,78,0,2
BRDA:368,79,0,1
BRDA:475,80,0,5
BRDA:491,81,0,1
BRDA:585,82,0,2
BRDA:588,83,0,0
BRDA:589,84,0,0
BRDA:592,85,0,0
BRDA:617,86,0,1
BRDA:630,87,0,0
BRDA:637,88,0,0
BRDA:644,89,0,0
BRDA:659,90,0,52
BRF:91
BRH:74
end_of_record
TN:
SF:src\pages\AdminLogin.tsx
FN:6,AdminLogin
FN:15,handleLogin
FN:66,onChange
FN:84,onChange
FNF:4
FNH:4
FNDA:10,AdminLogin
FNDA:2,handleLogin
FNDA:2,onChange
FNDA:2,onChange
DA:1,1
DA:6,1
DA:7,10
DA:8,10
DA:9,10
DA:10,10
DA:11,10
DA:13,10
DA:15,10
DA:16,2
DA:17,2
DA:18,2
DA:19,2
DA:20,2
DA:21,2
DA:22,2
DA:23,2
DA:24,2
DA:25,1
DA:26,1
DA:27,1
DA:28,1
DA:29,1
DA:30,1
DA:31,0
DA:32,1
DA:33,1
DA:34,1
DA:35,2
DA:37,10
DA:38,10
DA:39,10
DA:40,10
DA:41,10
DA:42,10
DA:44,10
DA:45,10
DA:46,10
DA:47,10
DA:48,10
DA:49,10
DA:50,10
DA:52,10
DA:54,10
DA:55,10
DA:56,10
DA:57,10
DA:58,10
DA:59,10
DA:61,10
DA:62,10
DA:63,10
DA:64,10
DA:65,10
DA:66,10
DA:67,10
DA:68,10
DA:69,10
DA:71,10
DA:72,10
DA:73,10
DA:74,10
DA:75,10
DA:76,10
DA:77,10
DA:79,10
DA:80,10
DA:81,10
DA:82,10
DA:83,10
DA:84,10
DA:85,10
DA:86,10
DA:87,10
DA:89,10
DA:90,10
DA:92,10
DA:93,1
DA:94,1
DA:95,1
DA:98,10
DA:99,10
DA:100,10
DA:101,10
DA:103,10
DA:104,10
DA:105,10
DA:106,10
DA:107,10
DA:108,10
DA:110,10
LF:91
LH:90
BRDA:6,0,0,10
BRDA:13,1,0,7
BRDA:13,2,0,5
BRDA:92,3,0,1
BRDA:103,4,0,2
BRDA:103,5,0,8
BRDA:15,6,0,2
BRDA:17,7,0,0
BRDA:24,8,0,1
BRDA:30,9,0,0
BRDA:66,10,0,2
BRDA:84,11,0,2
BRF:12
BRH:10
end_of_record
TN:
SF:src\pages\DiagnosticStart.tsx
FN:28,DiagnosticStart
FN:39,handleStart
FN:126,onClick
FN:144,onClick
FN:160,onChange
FN:175,onChange
FN:236,Detail
FN:247,Field
FN:276,SizeChip
FN:302,SectorChip
FNF:10
FNH:8
FNDA:14,DiagnosticStart
FNDA:2,handleStart
FNDA:3,onClick
FNDA:3,onClick
FNDA:0,onChange
FNDA:0,onChange
FNDA:42,Detail
FNDA:42,Field
FNDA:70,SizeChip
FNDA:140,SectorChip
DA:1,1
DA:7,1
DA:8,1
DA:9,1
DA:10,1
DA:11,1
DA:12,1
DA:13,1
DA:15,1
DA:16,1
DA:17,1
DA:18,1
DA:19,1
DA:20,1
DA:21,1
DA:22,1
DA:23,1
DA:24,1
DA:25,1
DA:26,1
DA:28,1
DA:29,14
DA:30,14
DA:31,14
DA:32,14
DA:33,14
DA:34,14
DA:35,14
DA:37,14
DA:39,14
DA:40,2
DA:41,2
DA:42,2
DA:43,2
DA:44,2
DA:45,2
DA:46,2
DA:47,2
DA:48,2
DA:49,2
DA:50,0
DA:51,0
DA:52,2
DA:53,1
DA:54,1
DA:55,1
DA:56,1
DA:57,1
DA:58,0
DA:59,1
DA:60,1
DA:61,1
DA:62,2
DA:64,14
DA:65,14
DA:66,14
DA:67,14
DA:68,14
DA:69,14
DA:71,14
DA:72,14
DA:73,14
DA:75,14
DA:76,14
DA:78,14
DA:79,14
DA:80,14
DA:81,14
DA:82,14
DA:84,14
DA:85,14
DA:86,14
DA:87,14
DA:88,14
DA:89,14
DA:91,14
DA:92,14
DA:93,14
DA:94,14
DA:96,14
DA:97,14
DA:100,14
DA:102,14
DA:103,14
DA:104,14
DA:105,14
DA:106,14
DA:107,14
DA:108,14
DA:110,14
DA:111,14
DA:112,14
DA:113,14
DA:114,14
DA:116,14
DA:117,14
DA:118,14
DA:119,14
DA:121,14
DA:122,14
DA:123,70
DA:124,70
DA:125,70
DA:126,70
DA:128,70
DA:129,70
DA:130,14
DA:131,14
DA:132,14
DA:134,14
DA:135,14
DA:136,14
DA:137,14
DA:139,14
DA:140,14
DA:141,140
DA:142,140
DA:143,140
DA:144,140
DA:146,140
DA:147,140
DA:148,14
DA:149,14
DA:150,14
DA:152,14
DA:153,14
DA:154,14
DA:155,14
DA:157,14
DA:158,14
DA:159,14
DA:160,14
DA:161,14
DA:162,14
DA:167,14
DA:168,14
DA:170,14
DA:171,14
DA:172,14
DA:173,14
DA:174,14
DA:175,14
DA:176,14
DA:177,14
DA:178,14
DA:179,14
DA:183,14
DA:184,14
DA:185,14
DA:186,14
DA:188,14
DA:189,14
DA:190,14
DA:191,14
DA:192,14
DA:193,14
DA:195,14
DA:196,14
DA:197,14
DA:198,14
DA:199,14
DA:202,14
DA:203,14
DA:204,14
DA:206,14
DA:207,1
DA:208,1
DA:209,1
DA:212,14
DA:213,14
DA:214,14
DA:215,14
DA:216,14
DA:217,14
DA:218,14
DA:220,14
DA:221,14
DA:222,14
DA:224,14
DA:225,14
DA:227,14
DA:228,14
DA:229,14
DA:230,14
DA:231,14
DA:232,14
DA:234,14
DA:236,42
DA:237,42
DA:238,42
DA:239,42
DA:240,42
DA:241,42
DA:242,42
DA:243,42
DA:245,42
DA:247,42
DA:248,42
DA:249,42
DA:250,42
DA:251,42
DA:252,42
DA:257,42
DA:258,42
DA:259,42
DA:260,42
DA:261,42
DA:262,42
DA:263,42
DA:264,42
DA:265,42
DA:266,42
DA:267,42
DA:268,42
DA:269,42
DA:271,42
DA:272,42
DA:274,42
DA:276,70
DA:277,70
DA:278,70
DA:279,70
DA:280,70
DA:284,70
DA:285,70
DA:286,70
DA:287,70
DA:288,70
DA:289,70
DA:290,70
DA:297,70
DA:298,70
DA:300,70
DA:302,140
DA:303,140
DA:304,140
DA:305,140
DA:306,140
DA:310,140
DA:311,140
DA:312,140
DA:313,140
DA:314,140
DA:315,140
DA:316,140
DA:322,140
DA:323,140
DA:325,140
LF:248
LH:245
BRDA:28,0,0,14
BRDA:37,1,0,9
BRDA:37,2,0,6
BRDA:206,3,0,1
BRDA:220,4,0,2
BRDA:220,5,0,12
BRDA:39,6,0,2
BRDA:40,7,0,0
BRDA:49,8,0,0
BRDA:49,9,0,0
BRDA:52,10,0,1
BRDA:57,11,0,0
BRDA:122,12,0,70
BRDA:126,13,0,3
BRDA:140,14,0,140
BRDA:144,15,0,3
BRDA:236,16,0,42
BRDA:247,17,0,42
BRDA:276,18,0,70
BRDA:302,19,0,140
BRF:20
BRH:16
end_of_record
TN:
SF:src\pages\Generating.tsx
FN:14,Generating
FN:25,start
FN:45,pollReport
FN:133,Step
FNF:4
FNH:4
FNDA:6,Generating
FNDA:3,start
FNDA:2,pollReport
FNDA:25,Step
DA:1,1
DA:6,1
DA:7,1
DA:8,1
DA:9,1
DA:10,1
DA:11,1
DA:12,1
DA:14,1
DA:15,6
DA:16,6
DA:17,6
DA:18,6
DA:19,6
DA:20,6
DA:22,6
DA:23,3
DA:25,3
DA:26,3
DA:27,3
DA:28,3
DA:29,3
DA:30,2
DA:31,2
DA:32,2
DA:33,2
DA:34,3
DA:35,1
DA:36,1
DA:37,1
DA:38,1
DA:39,0
DA:40,1
DA:41,1
DA:42,1
DA:43,3
DA:45,3
DA:46,2
DA:47,2
DA:48,1
DA:49,1
DA:50,1
DA:51,1
DA:52,1
DA:54,1
DA:55,1
DA:57,1
DA:58,1
DA:59,1
DA:60,1
DA:61,1
DA:62,0
DA:63,0
DA:64,1
DA:65,1
DA:67,0
DA:68,2
DA:69,2
DA:71,3
DA:73,3
DA:74,3
DA:75,3
DA:76,3
DA:77,6
DA:79,6
DA:80,1
DA:81,1
DA:82,1
DA:84,1
DA:85,1
DA:86,1
DA:87,1
DA:88,1
DA:90,1
DA:92,5
DA:93,5
DA:94,5
DA:95,5
DA:96,5
DA:97,5
DA:98,5
DA:99,5
DA:101,5
DA:103,5
DA:104,5
DA:105,5
DA:106,5
DA:107,5
DA:109,5
DA:110,5
DA:111,5
DA:112,5
DA:114,5
DA:116,5
DA:118,5
DA:119,5
DA:120,25
DA:121,25
DA:122,25
DA:123,25
DA:124,25
DA:126,25
DA:127,5
DA:128,5
DA:129,5
DA:131,5
DA:133,25
DA:134,25
DA:135,25
DA:136,25
DA:139,25
DA:140,25
DA:141,25
DA:142,25
DA:143,25
DA:144,25
DA:145,18
DA:146,18
DA:147,18
DA:148,18
DA:149,18
DA:150,18
DA:151,18
DA:153,25
DA:154,5
DA:155,5
DA:156,5
DA:157,5
DA:158,5
DA:159,5
DA:160,5
DA:161,5
DA:163,25
DA:164,2
DA:165,2
DA:166,2
DA:167,2
DA:168,2
DA:169,2
DA:170,2
DA:172,2
DA:173,2
DA:174,2
DA:175,2
DA:176,2
DA:177,2
DA:178,2
DA:179,2
DA:181,2
DA:182,2
DA:183,2
DA:185,25
DA:186,25
DA:188,25
DA:189,25
DA:190,25
DA:191,25
DA:192,2
DA:193,23
DA:194,5
DA:195,18
DA:198,25
DA:199,25
DA:200,25
DA:202,25
LF:165
LH:161
BRDA:14,0,0,6
BRDA:79,1,0,1
BRDA:90,2,0,5
BRDA:22,3,0,3
BRDA:25,4,0,3
BRDA:29,5,0,2
BRDA:30,6,0,0
BRDA:30,7,0,2
BRDA:34,8,0,1
BRDA:38,9,0,0
BRDA:45,10,0,2
BRDA:47,11,0,1
BRDA:52,12,0,0
BRDA:57,13,0,0
BRDA:61,14,0,0
BRDA:65,15,0,0
BRDA:73,16,0,3
BRDA:75,17,0,2
BRDA:119,18,0,25
BRDA:124,19,0,2
BRDA:124,20,0,23
BRDA:124,21,0,5
BRDA:124,22,0,18
BRDA:133,23,0,25
BRDA:144,24,0,18
BRDA:153,25,0,5
BRDA:163,26,0,2
BRDA:191,27,0,2
BRDA:192,28,0,23
BRDA:193,29,0,5
BRDA:194,30,0,18
BRF:31
BRH:25
end_of_record
TN:
SF:src\pages\Landing.tsx
FN:5,Landing
FN:22,Header
FN:61,Hero
FN:135,Indicator
FN:152,Method
FN:223,Proof
FN:277,CTA
FN:320,Footer
FNF:8
FNH:8
FNDA:2,Landing
FNDA:2,Header
FNDA:2,Hero
FNDA:6,Indicator
FNDA:2,Method
FNDA:2,Proof
FNDA:2,CTA
FNDA:2,Footer
DA:1,1
DA:5,1
DA:6,2
DA:7,2
DA:8,2
DA:9,2
DA:10,2
DA:11,2
DA:12,2
DA:13,2
DA:14,2
DA:16,2
DA:22,2
DA:23,2
DA:24,2
DA:25,2
DA:26,2
DA:27,2
DA:29,2
DA:30,2
DA:32,2
DA:33,2
DA:35,2
DA:36,2
DA:37,2
DA:38,2
DA:39,2
DA:41,2
DA:42,2
DA:43,2
DA:44,2
DA:45,2
DA:47,2
DA:48,2
DA:50,2
DA:51,2
DA:52,2
DA:53,2
DA:55,2
DA:61,2
DA:62,2
DA:63,2
DA:65,2
DA:66,2
DA:67,2
DA:68,2
DA:70,2
DA:71,2
DA:72,2
DA:73,2
DA:76,2
DA:77,2
DA:78,2
DA:79,2
DA:80,2
DA:81,2
DA:83,2
DA:84,2
DA:86,2
DA:89,2
DA:90,2
DA:91,2
DA:92,2
DA:93,2
DA:94,2
DA:96,2
DA:98,2
DA:99,2
DA:102,2
DA:104,2
DA:105,2
DA:107,2
DA:108,2
DA:109,2
DA:110,2
DA:111,2
DA:112,2
DA:114,2
DA:115,2
DA:116,2
DA:119,2
DA:120,2
DA:121,2
DA:122,2
DA:123,2
DA:126,2
DA:127,2
DA:128,2
DA:129,2
DA:130,2
DA:131,2
DA:133,2
DA:135,6
DA:136,6
DA:137,6
DA:138,6
DA:139,6
DA:140,6
DA:141,6
DA:142,6
DA:143,6
DA:144,6
DA:146,6
DA:152,2
DA:153,2
DA:154,2
DA:155,2
DA:156,2
DA:157,2
DA:158,2
DA:159,2
DA:160,2
DA:161,2
DA:162,2
DA:163,2
DA:164,2
DA:165,2
DA:166,2
DA:167,2
DA:168,2
DA:169,2
DA:170,2
DA:171,2
DA:172,2
DA:173,2
DA:174,2
DA:176,2
DA:177,2
DA:178,2
DA:179,2
DA:180,2
DA:181,2
DA:182,2
DA:183,2
DA:185,2
DA:186,2
DA:187,2
DA:188,2
DA:189,2
DA:190,2
DA:192,2
DA:193,2
DA:194,8
DA:195,8
DA:196,8
DA:197,8
DA:198,8
DA:199,8
DA:200,8
DA:202,8
DA:203,8
DA:204,8
DA:205,8
DA:206,8
DA:207,8
DA:208,8
DA:209,8
DA:210,8
DA:211,8
DA:212,2
DA:213,2
DA:214,2
DA:215,2
DA:217,2
DA:223,2
DA:224,2
DA:225,2
DA:226,2
DA:227,2
DA:228,2
DA:229,2
DA:230,2
DA:231,2
DA:232,2
DA:234,2
DA:235,2
DA:236,2
DA:237,2
DA:239,2
DA:240,2
DA:242,2
DA:243,2
DA:245,2
DA:246,2
DA:248,2
DA:249,2
DA:251,2
DA:252,2
DA:253,2
DA:254,2
DA:255,2
DA:256,2
DA:259,2
DA:260,2
DA:261,2
DA:262,2
DA:266,2
DA:267,2
DA:268,2
DA:269,2
DA:271,2
DA:277,2
DA:278,2
DA:279,2
DA:280,2
DA:281,2
DA:282,2
DA:283,2
DA:284,2
DA:285,2
DA:286,2
DA:288,2
DA:289,2
DA:290,2
DA:291,2
DA:293,2
DA:296,2
DA:298,2
DA:299,2
DA:300,2
DA:301,2
DA:306,2
DA:308,2
DA:309,2
DA:310,2
DA:311,2
DA:312,2
DA:314,2
DA:320,2
DA:321,2
DA:322,2
DA:323,2
DA:324,2
DA:325,2
DA:326,2
DA:328,2
DA:329,2
DA:331,2
DA:332,2
DA:333,2
DA:334,2
DA:336,2
DA:337,2
DA:339,2
DA:340,2
DA:341,2
DA:342,2
DA:347,2
DA:348,2
DA:349,2
DA:350,2
DA:351,2
DA:353,2
DA:354,2
DA:355,2
DA:357,2
DA:359,2
DA:360,2
DA:361,2
DA:362,2
DA:364,2
LF:261
LH:261
BRDA:5,0,0,2
BRDA:22,1,0,2
BRDA:61,2,0,2
BRDA:135,3,0,6
BRDA:152,4,0,2
BRDA:193,5,0,8
BRDA:223,6,0,2
BRDA:277,7,0,2
BRDA:320,8,0,2
BRF:9
BRH:9
end_of_record
TN:
SF:src\pages\NotFound.tsx
FN:4,NotFound
FNF:1
FNH:1
FNDA:1,NotFound
DA:1,1
DA:4,1
DA:5,1
DA:6,1
DA:7,1
DA:9,1
DA:10,1
DA:11,1
DA:13,1
DA:14,1
DA:17,1
DA:18,1
DA:19,1
DA:21,1
DA:22,1
DA:24,1
LF:16
LH:16
BRDA:4,0,0,1
BRF:1
BRH:1
end_of_record
TN:
SF:src\pages\Questionnaire.tsx
FN:30,getOptions
FN:54,Questionnaire
FN:93,saveResponse
FN:104,selectAnswer
FN:111,commitNumeric
FN:118,goNext
FN:127,goPrev
FN:134,handler
FN:268,onClick
FN:321,Questionnaire.__vite_ssr_import_0__.jsxDEV.children.__vite_ssr_import_0__.jsxDEV.children.__vite_ssr_import_0__.jsxDEV.children.__vite_ssr_import_0__.jsxDEV.onClick
FN:334,NumericInput
FN:350,onChange
FN:351,onKeyDown
FN:367,Kbd
FNF:14
FNH:12
FNDA:7,getOptions
FNDA:22,Questionnaire
FNDA:4,saveResponse
FNDA:2,selectAnswer
FNDA:2,commitNumeric
FNDA:4,goNext
FNDA:0,goPrev
FNDA:2,handler
FNDA:1,onClick
FNDA:0,Questionnaire.__vite_ssr_import_0__.jsxDEV.children.__vite_ssr_import_0__.jsxDEV.children.__vite_ssr_import_0__.jsxDEV.children.__vite_ssr_import_0__.jsxDEV.onClick
FNDA:3,NumericInput
FNDA:1,onChange
FNDA:1,onKeyDown
FNDA:21,Kbd
DA:1,1
DA:16,1
DA:17,1
DA:18,1
DA:19,1
DA:20,1
DA:21,1
DA:30,7
DA:31,7
DA:32,7
DA:33,2
DA:34,2
DA:35,2
DA:36,2
DA:37,7
DA:38,3
DA:39,3
DA:40,3
DA:41,3
DA:42,3
DA:43,7
DA:44,0
DA:45,0
DA:46,0
DA:47,0
DA:48,0
DA:49,7
DA:50,2
DA:51,7
DA:52,7
DA:54,1
DA:55,22
DA:56,22
DA:57,22
DA:59,22
DA:60,22
DA:61,22
DA:62,22
DA:63,22
DA:65,22
DA:66,9
DA:67,9
DA:68,9
DA:69,8
DA:70,8
DA:71,9
DA:72,9
DA:73,22
DA:75,22
DA:76,22
DA:77,22
DA:78,22
DA:79,22
DA:80,22
DA:81,22
DA:82,22
DA:83,22
DA:84,5
DA:85,17
DA:87,22
DA:88,18
DA:89,2
DA:90,2
DA:91,22
DA:93,22
DA:94,4
DA:95,4
DA:96,4
DA:97,4
DA:98,4
DA:99,4
DA:101,0
DA:102,4
DA:104,22
DA:105,2
DA:106,2
DA:107,2
DA:108,2
DA:109,2
DA:111,22
DA:112,2
DA:113,2
DA:114,2
DA:115,2
DA:116,2
DA:118,22
DA:119,4
DA:120,4
DA:121,2
DA:122,2
DA:123,2
DA:124,2
DA:125,4
DA:127,22
DA:128,0
DA:129,0
DA:130,0
DA:131,0
DA:133,22
DA:134,19
DA:135,2
DA:136,2
DA:137,1
DA:138,1
DA:139,1
DA:140,1
DA:141,1
DA:142,1
DA:143,1
DA:144,2
DA:145,0
DA:146,0
DA:147,2
DA:148,19
DA:149,19
DA:151,22
DA:153,22
DA:154,9
DA:155,9
DA:156,9
DA:157,9
DA:159,9
DA:161,22
DA:162,1
DA:163,1
DA:164,1
DA:165,1
DA:167,1
DA:169,12
DA:170,12
DA:171,12
DA:172,12
DA:173,12
DA:174,12
DA:176,12
DA:177,12
DA:179,12
DA:180,12
DA:182,12
DA:183,12
DA:184,12
DA:185,12
DA:186,12
DA:187,12
DA:188,12
DA:189,12
DA:190,12
DA:191,12
DA:192,12
DA:193,12
DA:194,12
DA:195,12
DA:196,12
DA:197,12
DA:198,12
DA:199,12
DA:200,12
DA:201,12
DA:203,12
DA:204,12
DA:205,12
DA:206,12
DA:207,12
DA:208,12
DA:209,12
DA:210,12
DA:211,12
DA:212,12
DA:214,12
DA:215,12
DA:216,12
DA:217,12
DA:218,12
DA:219,12
DA:220,12
DA:221,12
DA:222,12
DA:223,12
DA:225,12
DA:226,12
DA:227,12
DA:228,12
DA:229,12
DA:230,12
DA:232,12
DA:234,12
DA:235,12
DA:237,12
DA:238,5
DA:239,5
DA:242,5
DA:243,5
DA:244,5
DA:245,5
DA:247,5
DA:248,5
DA:250,5
DA:251,5
DA:252,5
DA:255,22
DA:256,22
DA:257,5
DA:258,5
DA:259,5
DA:260,5
DA:261,5
DA:263,7
DA:264,18
DA:265,18
DA:266,18
DA:267,18
DA:268,18
DA:269,18
DA:270,18
DA:271,18
DA:272,18
DA:274,18
DA:275,18
DA:276,18
DA:277,18
DA:278,18
DA:279,18
DA:280,12
DA:281,12
DA:282,12
DA:284,18
DA:285,18
DA:286,7
DA:288,22
DA:290,22
DA:291,22
DA:292,5
DA:294,7
DA:295,7
DA:296,7
DA:297,7
DA:299,7
DA:301,22
DA:302,22
DA:303,22
DA:304,22
DA:305,22
DA:307,22
DA:308,22
DA:309,22
DA:310,22
DA:311,22
DA:312,22
DA:313,22
DA:315,22
DA:317,22
DA:319,22
DA:320,22
DA:321,22
DA:322,22
DA:323,22
DA:325,22
DA:326,22
DA:327,22
DA:328,22
DA:329,22
DA:330,22
DA:332,22
DA:334,3
DA:335,3
DA:336,3
DA:337,3
DA:338,3
DA:342,3
DA:343,3
DA:344,3
DA:345,3
DA:346,3
DA:347,3
DA:348,3
DA:349,3
DA:350,3
DA:351,3
DA:352,3
DA:353,3
DA:359,3
DA:360,3
DA:361,3
DA:362,3
DA:363,3
DA:365,3
DA:367,21
DA:368,21
DA:369,21
DA:372,21
DA:373,21
DA:375,21
LF:292
LH:280
BRDA:30,0,0,7
BRDA:32,1,0,2
BRDA:37,2,0,3
BRDA:43,3,0,0
BRDA:49,4,0,2
BRDA:54,5,0,22
BRDA:57,6,0,0
BRDA:75,7,0,10
BRDA:76,8,0,9
BRDA:81,9,0,12
BRDA:82,10,0,12
BRDA:82,11,0,10
BRDA:82,12,0,10
BRDA:83,13,0,5
BRDA:84,14,0,1
BRDA:84,15,0,17
BRDA:91,16,0,12
BRDA:153,17,0,9
BRDA:159,18,0,13
BRDA:161,19,0,1
BRDA:167,20,0,12
BRDA:237,21,0,5
BRDA:256,22,0,5
BRDA:261,23,0,7
BRDA:291,24,0,5
BRDA:292,25,0,7
BRDA:297,26,0,4
BRDA:321,27,0,5
BRDA:321,28,0,7
BRDA:325,29,0,5
BRDA:325,30,0,7
BRDA:65,31,0,9
BRDA:68,32,0,8
BRDA:78,33,0,16
BRDA:78,34,0,7
BRDA:78,35,0,9
BRDA:87,36,0,18
BRDA:88,37,0,2
BRDA:88,38,0,2
BRDA:93,39,0,4
BRDA:99,40,0,0
BRDA:104,41,0,2
BRDA:105,42,0,0
BRDA:106,43,0,2
BRDA:108,44,0,2
BRDA:111,45,0,2
BRDA:112,46,0,0
BRDA:118,47,0,4
BRDA:120,48,0,2
BRDA:133,49,0,19
BRDA:134,50,0,2
BRDA:135,51,0,0
BRDA:136,52,0,1
BRDA:144,53,0,0
BRDA:140,54,0,1
BRDA:149,55,0,19
BRDA:263,56,0,18
BRDA:279,57,0,12
BRDA:268,58,0,1
BRDA:334,59,0,3
BRDA:350,60,0,1
BRDA:351,61,0,1
BRDA:367,62,0,21
BRF:63
BRH:56
end_of_record
TN:
SF:src\pages\ReportView.tsx
FN:44,ReportView
FN:65,handleSendEmail
FN:310,onClick
FN:321,SubScore
FNF:4
FNH:3
FNDA:14,ReportView
FNDA:1,handleSendEmail
FNDA:0,onClick
FNDA:24,SubScore
DA:1,1
DA:29,1
DA:30,1
DA:31,1
DA:32,1
DA:33,1
DA:34,1
DA:35,1
DA:37,1
DA:38,1
DA:39,1
DA:40,1
DA:41,1
DA:42,1
DA:44,1
DA:45,14
DA:46,14
DA:47,14
DA:48,14
DA:49,14
DA:51,14
DA:52,7
DA:53,7
DA:54,7
DA:55,7
DA:56,5
DA:57,5
DA:58,7
DA:59,7
DA:60,1
DA:61,1
DA:62,7
DA:63,14
DA:65,14
DA:66,1
DA:67,1
DA:68,1
DA:69,1
DA:70,1
DA:72,0
DA:73,1
DA:75,14
DA:76,7
DA:77,7
DA:78,7
DA:79,7
DA:81,7
DA:83,14
DA:84,1
DA:85,1
DA:86,1
DA:87,1
DA:88,1
DA:89,1
DA:91,1
DA:93,14
DA:94,14
DA:95,14
DA:97,14
DA:98,14
DA:99,14
DA:100,14
DA:101,14
DA:102,14
DA:104,14
DA:105,14
DA:107,14
DA:108,14
DA:109,14
DA:110,14
DA:111,14
DA:112,14
DA:113,14
DA:115,14
DA:116,14
DA:117,14
DA:118,14
DA:119,14
DA:121,14
DA:122,14
DA:123,14
DA:124,14
DA:126,14
DA:127,14
DA:130,14
DA:131,14
DA:132,14
DA:133,14
DA:134,14
DA:136,14
DA:137,14
DA:139,14
DA:140,14
DA:141,14
DA:143,14
DA:144,14
DA:145,14
DA:147,14
DA:148,14
DA:149,14
DA:150,14
DA:151,14
DA:152,14
DA:153,14
DA:154,14
DA:155,14
DA:156,14
DA:158,14
DA:159,14
DA:160,24
DA:161,14
DA:162,14
DA:163,14
DA:166,14
DA:167,6
DA:168,6
DA:169,6
DA:170,6
DA:171,6
DA:172,6
DA:174,6
DA:175,6
DA:176,6
DA:177,6
DA:178,6
DA:182,14
DA:183,14
DA:184,14
DA:185,14
DA:186,14
DA:187,14
DA:189,14
DA:190,14
DA:192,14
DA:193,14
DA:195,14
DA:196,14
DA:198,14
DA:199,14
DA:201,14
DA:202,14
DA:203,14
DA:204,14
DA:205,14
DA:206,14
DA:210,14
DA:211,14
DA:212,14
DA:215,14
DA:216,6
DA:217,6
DA:218,6
DA:219,6
DA:220,6
DA:221,6
DA:223,6
DA:225,6
DA:226,6
DA:227,6
DA:228,6
DA:229,6
DA:230,6
DA:232,6
DA:233,6
DA:234,6
DA:235,6
DA:236,6
DA:237,6
DA:238,6
DA:239,6
DA:240,6
DA:241,6
DA:242,6
DA:243,6
DA:244,6
DA:248,14
DA:249,6
DA:250,6
DA:251,6
DA:252,6
DA:253,6
DA:254,6
DA:256,6
DA:258,6
DA:259,6
DA:260,6
DA:261,6
DA:262,6
DA:263,6
DA:265,6
DA:266,6
DA:267,6
DA:268,6
DA:269,6
DA:270,6
DA:271,6
DA:272,6
DA:273,6
DA:274,6
DA:275,6
DA:276,6
DA:277,6
DA:278,6
DA:279,6
DA:280,6
DA:281,6
DA:282,6
DA:286,14
DA:287,14
DA:288,6
DA:289,6
DA:290,6
DA:291,6
DA:292,6
DA:294,6
DA:296,6
DA:298,14
DA:299,14
DA:300,14
DA:301,14
DA:302,14
DA:304,14
DA:305,14
DA:306,14
DA:307,14
DA:308,14
DA:309,14
DA:310,14
DA:312,14
DA:314,14
DA:315,14
DA:316,14
DA:317,14
DA:319,14
DA:321,24
DA:322,24
DA:323,24
DA:324,24
DA:325,24
DA:326,24
DA:327,24
DA:328,24
DA:329,24
DA:330,24
DA:331,24
DA:332,24
DA:333,24
DA:334,24
DA:335,24
DA:336,24
DA:338,24
LF:251
LH:250
BRDA:44,0,0,14
BRDA:75,1,0,7
BRDA:83,2,0,6
BRDA:83,3,0,1
BRDA:87,4,0,0
BRDA:91,5,0,6
BRDA:93,6,0,0
BRDA:94,7,0,0
BRDA:95,8,0,0
BRDA:110,9,0,6
BRDA:152,10,0,0
BRDA:166,11,0,6
BRDA:202,12,0,0
BRDA:215,13,0,6
BRDA:215,14,0,6
BRDA:248,15,0,6
BRDA:248,16,0,6
BRDA:287,17,0,6
BRDA:305,18,0,1
BRDA:305,19,0,5
BRDA:51,20,0,7
BRDA:52,21,0,0
BRDA:55,22,0,5
BRDA:59,23,0,1
BRDA:60,24,0,0
BRDA:65,25,0,1
BRDA:66,26,0,0
BRDA:70,27,0,0
BRDA:159,28,0,24
BRDA:227,29,0,6
BRDA:230,30,0,0
BRDA:260,31,0,6
BRDA:321,32,0,24
BRF:33
BRH:22
end_of_record
